<?xml version="1.0" encoding="UTF-8"?>
<testng-results skipped="0" failed="0" total="1" passed="1">
  <reporter-output>
  </reporter-output>
  <suite name="Sample suite" duration-ms="15" started-at="2015-04-03T09:50:47Z" finished-at="2015-04-03T09:50:47Z">
    <groups>
    </groups>
    <test name="sampel" duration-ms="15" started-at="2015-04-03T09:50:47Z" finished-at="2015-04-03T09:50:47Z">
      <class name="mypackage.NewTest">
        <test-method status="PASS" signature="f()[pri:0, instance:mypackage.NewTest@17906f4]" name="f" duration-ms="7" started-at="2015-04-03T02:50:47Z" finished-at="2015-04-03T02:50:47Z">
          <reporter-output>
          </reporter-output>
        </test-method> <!-- f -->
      </class> <!-- mypackage.NewTest -->
    </test> <!-- sampel -->
  </suite> <!-- Sample suite -->
</testng-results>
